========================================================================
READ_ASCII_FILE: unknown
READ_ASCII_FILE: File: input.nml
========================================================================
READ_INPUT_NML: unknown
READ_INPUT_NML: input.nml 
 &amip_interp_nml
     data_set = 'reynolds_oi'
     date_out_of_range = 'climo'
     interp_oi_sst = .true.
     no_anom_sst = .false.
     use_ncep_ice = .false.
     use_ncep_sst = .true.
 /
 
 &atmos_model_nml
     blocksize = 24
     chksum_debug = .false.
     dycore_only = .true.
     fdiag = 0.0
     fhmax = 1024.0
     fhmaxhf = -1.0
     fhout = 0.25
     fhouthf = 0.0
 /
 
 &coupler_nml
     atmos_nthreads = 1
     calendar = 'julian'
     current_date = 2016, 8, 5, 0, 0, 0
     days = 0
     dt_atmos = 60
     dt_ocean = 60
     force_date_from_namelist = .true.
     hours = 0
     memuse_verbose = .true.
     minutes = 0
     months = 0
     ncores_per_node = 32
     restart_secs = 900
     seconds = 7200
     use_hyper_thread = .true.
 /
 
 &diag_manager_nml
     prepend_date = .false.
 /
 
 &external_ic_nml
     checker_tr = .false.
     filtered_terrain = .true.
     gfs_dwinds = .true.
     levp = 64
     nt_checker = 0
 /
 
 &fms_io_nml
     checksum_required = .false.
     max_files_r = 100
     max_files_w = 100
 /
 
 &fms_nml
     clock_grain = 'ROUTINE'
     domains_stack_size = 3000000
     print_memory_usage = .false.
 /
 
 &fv_core_nml
     a_imp = 1.0
     adjust_dry_mass = .false.
     beta = 0.0
     consv_am = .false.
     consv_te = 1.0
     d2_bg = 0.0
     d2_bg_k1 = 0.16
     d2_bg_k2 = 0.02
     d4_bg = 0.15
     d_con = 1.0
     d_ext = 0.0
     dddmp = 0.2
     delt_max = 0.002
     dnats = 1
     do_sat_adj = .false.
     do_vort_damp = .true.
     dwind_2d = .false.
     external_eta = .true.
     external_ic = .false.
     fill = .true.
     fv_debug = .false.
     fv_sg_adj = 900
     gfs_phil = .false.
     hord_dp = 6
     hord_mt = 6
     hord_tm = 6
     hord_tr = 8
     hord_vt = 6
     hydrostatic = .false.
     io_layout = 1, 1
     k_split = 1
     ke_bg = 0.0
     kord_mt = 10
     kord_tm = -10
     kord_tr = 10
     kord_wz = 10
     layout = 1, 1
     make_nh = .false.
     mountain = .true.
     n_split = 1
     n_sponge = 4
     na_init = 0
     ncep_ic = .false.
     nggps_ic = .false.
     no_dycore = .false.
     nord = 2
     npx = 49
     npy = 49
     npz = 79
     ntiles = 6
     nudge = .false.
     nudge_qv = .true.
     nwat = 6
     p_fac = 0.1
     phys_hydrostatic = .false.
     print_freq = 3
     range_warn = .true.
     reset_eta = .false.
     rf_cutoff = 800.0
     rf_fast = .false.
     tau = 5.0
     use_hydro_pressure = .false.
     vtdm4 = 0.06
     warm_start = .true.
     z_tracer = .true.
 /
 
 &fv_grid_nml
 /
 
 &gfdl_cloud_microphysics_nml
     c_cracw = 0.8
     c_paut = 0.5
     c_pgacs = 0.01
     c_psaci = 0.05
     ccn_l = 300.0
     ccn_o = 100.0
     const_vg = .false.
     const_vi = .false.
     const_vr = .false.
     const_vs = .false.
     de_ice = .false.
     do_qa = .true.
     do_sedi_heat = .false.
     dw_land = 0.16
     dw_ocean = 0.1
     fast_sat_adj = .false.
     fix_negative = .true.
     icloud_f = 1
     mono_prof = .true.
     mp_time = 450.0
     prog_ccn = .false.
     qi0_crt = 8e-05
     qi_lim = 1.0
     ql_gen = 0.001
     ql_mlt = 0.001
     qs0_crt = 0.001
     rad_graupel = .true.
     rad_rain = .true.
     rad_snow = .true.
     rh_inc = 0.3
     rh_inr = 0.3
     rh_ins = 0.3
     rthresh = 1e-05
     sedi_transport = .false.
     tau_g2v = 900.0
     tau_i2s = 1000.0
     tau_l2v = 225.0
     tau_v2l = 150.0
     use_ccn = .true.
     use_ppm = .false.
     vg_max = 12.0
     vi_max = 1.0
     vr_max = 12.0
     vs_max = 2.0
     z_slope_ice = .true.
     z_slope_liq = .true.
 /
 
 &gfs_physics_nml
     cal_pre = .false.
     cdmbgwd = 3.5, 0.25
     cnvcld = .false.
     cnvgwd = .true.
     debug = .false.
     dspheat = .true.
     fhcyc = 24.0
     fhlwr = 3600.0
     fhswr = 3600.0
     fhzero = 0.25
     hybedmf = .true.
     iaer = 111
     ialb = 1
     ico2 = 2
     iems = 1
     imfdeepcnv = 2
     imfshalcnv = 2
     imp_physics = 11
     isol = 2
     isot = 1
     isubc_lw = 2
     isubc_sw = 2
     ivegsrc = 1
     ldiag3d = .false.
     lprecip_accu = .false.
     lwhtr = .true.
     ncld = 5
     nst_anl = .true.
     pdfcld = .false.
     pre_rad = .false.
     prslrd0 = 0.0
     random_clds = .false.
     redrag = .true.
     shal_cnv = .true.
     swhtr = .true.
     trans_trac = .true.
     use_ufo = .true.
 /
 
 &interpolator_nml
     interp_method = 'conserve_great_circle'
 /
 
 &namsfc
     fabsl = 99999
     faisl = 99999
     faiss = 99999
     fnabsc = 'grb/global_mxsnoalb.uariz.t1534.3072.1536.rg.grb'
     fnacna = ''
     fnaisc = 'grb/CFSR.SEAICE.1982.2012.monthly.clim.grb'
     fnalbc = 'grb/global_snowfree_albedo.bosu.t1534.3072.1536.rg.grb'
     fnalbc2 = 'grb/global_albedo4.1x1.grb'
     fnglac = 'grb/global_glacier.2x2.grb'
     fnmskh = 'grb/seaice_newland.grb'
     fnmxic = 'grb/global_maxice.2x2.grb'
     fnslpc = 'grb/global_slope.1x1.grb'
     fnsmcc = 'grb/global_soilmgldas.t1534.3072.1536.grb'
     fnsnoa = ''
     fnsnoc = 'grb/global_snoclim.1.875.grb'
     fnsotc = 'grb/global_soiltype.statsgo.t1534.3072.1536.rg.grb'
     fntg3c = 'grb/global_tg3clim.2.6x1.5.grb'
     fntsfa = ''
     fntsfc = 'grb/RTGSST.1982.2012.monthly.clim.grb'
     fnvegc = 'grb/global_vegfrac.0.144.decpercent.grb'
     fnvetc = 'grb/global_vegtype.igbp.t1534.3072.1536.rg.grb'
     fnvmnc = 'grb/global_shdmin.0.144x0.144.grb'
     fnvmxc = 'grb/global_shdmax.0.144x0.144.grb'
     fnzorc = 'igbp'
     fsicl = 99999
     fsics = 99999
     fslpl = 99999
     fsmcl = 99999, 99999, 99999
     fsnol = 99999
     fsnos = 99999
     fsotl = 99999
     ftsfl = 99999
     ftsfs = 90
     fvetl = 99999
     fvmnl = 99999
     fvmxl = 99999
     ldebug = .false.
 /
 

MPP module unknown
MPP started with NPES=     6
Using MPI library for message passing...
Realtime clock resolution=  1.0000E-09 sec ( 999999999 ticks/sec)
Clock rolls over after   9.2234E+09 sec ( 9223372036854775806 ticks)

MPP Parameter module unknown

MPP Data module unknown

MPP_DOMAINS module unknown
&MPP_IO_NML
 HEADER_BUFFER_VAL=16384      ,
 GLOBAL_FIELD_ON_ROOT_PE=T,
 IO_CLOCKS_ON=F,
 SHUFFLE=0          ,
 DEFLATE_LEVEL=-1         ,
 CF_COMPLIANCE=F,
 /

MPP_IO module unknown

Using netCDF library version 4.6.2 of Dec 12 2018 10:27:40 $

================================================================================
FMS_IO_MOD
unknown

================================================================================
FMS_MOD
unknown
&FMS_NML
 READ_ALL_PE=T,
 CLOCK_GRAIN="ROUTINE         ",
 CLOCK_FLAGS="NONE            ",
 WARNING_LEVEL="warning ",
 IOSPEC_IEEE32="-N ieee_32                                                      ",
 STACK_SIZE=0          ,
 DOMAINS_STACK_SIZE=3000000    ,
 PRINT_MEMORY_USAGE=F,
 /
 nml_error_codes=           0           0           0           0           0           0           0           0           0           0           0           0           0           0           0           0           0           0           0           0

================================================================================
CONSTANTS_MOD
unknown

================================================================================
SAT_VAPOR_PRES_MOD
unknown
&SAT_VAPOR_PRES_NML
 SHOW_BAD_VALUE_COUNT_BY_SLICE=T,
 SHOW_ALL_BAD_VALUES=F,
 USE_EXACT_QS=F,
 DO_SIMPLE=F,
 CONSTRUCT_TABLE_WRT_LIQ=F,
 CONSTRUCT_TABLE_WRT_LIQ_AND_ICE=F,
 /

================================================================================
$Id: coupler_main.F90,v 19.0.4.1.2.3 2014/09/09 23:51:59 Rusty.Benson Exp $
$Name: ulm_201505 $
&COUPLER_NML
 CURRENT_DATE=2016       ,8          ,5          , 3*0          ,
 CALENDAR="julian           ",
 FORCE_DATE_FROM_NAMELIST=T,
 MONTHS=0          ,
 DAYS=0          ,
 HOURS=0          ,
 MINUTES=0          ,
 SECONDS=7200       ,
 DT_ATMOS=60         ,
 DT_OCEAN=60         ,
 ATMOS_NTHREADS=1          ,
 MEMUSE_VERBOSE=T,
 USE_HYPER_THREAD=T,
 NCORES_PER_NODE=32         ,
 DEBUG_AFFINITY=F,
 RESTART_SECS=900        ,
 RESTART_DAYS=0          ,
 /

================================================================================
TIME_MANAGER_MOD
unknown
  current date used = 2016 August  5  0:00:00 gmt

================================================================================
DIAG_UTIL_MOD
unknown

================================================================================
DIAG_DATA_MOD
unknown

================================================================================
DIAG_MANAGER_MOD
unknown
&DIAG_MANAGER_NML
 APPEND_PELIST_NAME=F,
 MIX_SNAPSHOT_AVERAGE_FIELDS=F,
 MAX_OUTPUT_FIELDS=300        ,
 MAX_INPUT_FIELDS=600        ,
 MAX_AXES=60         ,
 DO_DIAG_FIELD_LOG=F,
 WRITE_BYTES_IN_FILE=F,
 DEBUG_DIAG_MANAGER=F,
 MAX_NUM_AXIS_SETS=25         ,
 MAX_FILES=31         ,
 USE_CMOR=F,
 ISSUE_OOR_WARNINGS=T,
 OOR_WARNINGS_FATAL=F,
 MAX_OUT_PER_IN_FIELD=150        ,
 FLUSH_NC_FILES=F,
 REGION_OUT_USE_ALT_VALUE=T,
 MAX_FIELD_ATTRIBUTES=4          ,
 MAX_FILE_ATTRIBUTES=2          ,
 MAX_AXIS_ATTRIBUTES=4          ,
 PREPEND_DATE=F,
 WRITE_MANIFEST_FILE=F,
 /
========================================================================
READ_ASCII_FILE: unknown
READ_ASCII_FILE: File: diag_table
base date used = 2016 August  5  0:00:00 gmt

================================================================================
DIAG_AXIS_MOD
unknown

================================================================================
FV_CONTROL_MOD
unknown
&FV_GRID_NML
 GRID_NAME="                                                                                ",
 GRID_FILE="                                                                                                                        ",
 /
========================================================================
READ_ASCII_FILE: unknown
READ_ASCII_FILE: File: input.nml
========================================================================
READ_INPUT_NML: unknown
READ_INPUT_NML: input.nml 
 &amip_interp_nml
     data_set = 'reynolds_oi'
     date_out_of_range = 'climo'
     interp_oi_sst = .true.
     no_anom_sst = .false.
     use_ncep_ice = .false.
     use_ncep_sst = .true.
 /
 
 &atmos_model_nml
     blocksize = 24
     chksum_debug = .false.
     dycore_only = .true.
     fdiag = 0.0
     fhmax = 1024.0
     fhmaxhf = -1.0
     fhout = 0.25
     fhouthf = 0.0
 /
 
 &coupler_nml
     atmos_nthreads = 1
     calendar = 'julian'
     current_date = 2016, 8, 5, 0, 0, 0
     days = 0
     dt_atmos = 60
     dt_ocean = 60
     force_date_from_namelist = .true.
     hours = 0
     memuse_verbose = .true.
     minutes = 0
     months = 0
     ncores_per_node = 32
     restart_secs = 900
     seconds = 7200
     use_hyper_thread = .true.
 /
 
 &diag_manager_nml
     prepend_date = .false.
 /
 
 &external_ic_nml
     checker_tr = .false.
     filtered_terrain = .true.
     gfs_dwinds = .true.
     levp = 64
     nt_checker = 0
 /
 
 &fms_io_nml
     checksum_required = .false.
     max_files_r = 100
     max_files_w = 100
 /
 
 &fms_nml
     clock_grain = 'ROUTINE'
     domains_stack_size = 3000000
     print_memory_usage = .false.
 /
 
 &fv_core_nml
     a_imp = 1.0
     adjust_dry_mass = .false.
     beta = 0.0
     consv_am = .false.
     consv_te = 1.0
     d2_bg = 0.0
     d2_bg_k1 = 0.16
     d2_bg_k2 = 0.02
     d4_bg = 0.15
     d_con = 1.0
     d_ext = 0.0
     dddmp = 0.2
     delt_max = 0.002
     dnats = 1
     do_sat_adj = .false.
     do_vort_damp = .true.
     dwind_2d = .false.
     external_eta = .true.
     external_ic = .false.
     fill = .true.
     fv_debug = .false.
     fv_sg_adj = 900
     gfs_phil = .false.
     hord_dp = 6
     hord_mt = 6
     hord_tm = 6
     hord_tr = 8
     hord_vt = 6
     hydrostatic = .false.
     io_layout = 1, 1
     k_split = 1
     ke_bg = 0.0
     kord_mt = 10
     kord_tm = -10
     kord_tr = 10
     kord_wz = 10
     layout = 1, 1
     make_nh = .false.
     mountain = .true.
     n_split = 1
     n_sponge = 4
     na_init = 0
     ncep_ic = .false.
     nggps_ic = .false.
     no_dycore = .false.
     nord = 2
     npx = 49
     npy = 49
     npz = 79
     ntiles = 6
     nudge = .false.
     nudge_qv = .true.
     nwat = 6
     p_fac = 0.1
     phys_hydrostatic = .false.
     print_freq = 3
     range_warn = .true.
     reset_eta = .false.
     rf_cutoff = 800.0
     rf_fast = .false.
     tau = 5.0
     use_hydro_pressure = .false.
     vtdm4 = 0.06
     warm_start = .true.
     z_tracer = .true.
 /
 
 &fv_grid_nml
 /
 
 &gfdl_cloud_microphysics_nml
     c_cracw = 0.8
     c_paut = 0.5
     c_pgacs = 0.01
     c_psaci = 0.05
     ccn_l = 300.0
     ccn_o = 100.0
     const_vg = .false.
     const_vi = .false.
     const_vr = .false.
     const_vs = .false.
     de_ice = .false.
     do_qa = .true.
     do_sedi_heat = .false.
     dw_land = 0.16
     dw_ocean = 0.1
     fast_sat_adj = .false.
     fix_negative = .true.
     icloud_f = 1
     mono_prof = .true.
     mp_time = 450.0
     prog_ccn = .false.
     qi0_crt = 8e-05
     qi_lim = 1.0
     ql_gen = 0.001
     ql_mlt = 0.001
     qs0_crt = 0.001
     rad_graupel = .true.
     rad_rain = .true.
     rad_snow = .true.
     rh_inc = 0.3
     rh_inr = 0.3
     rh_ins = 0.3
     rthresh = 1e-05
     sedi_transport = .false.
     tau_g2v = 900.0
     tau_i2s = 1000.0
     tau_l2v = 225.0
     tau_v2l = 150.0
     use_ccn = .true.
     use_ppm = .false.
     vg_max = 12.0
     vi_max = 1.0
     vr_max = 12.0
     vs_max = 2.0
     z_slope_ice = .true.
     z_slope_liq = .true.
 /
 
 &gfs_physics_nml
     cal_pre = .false.
     cdmbgwd = 3.5, 0.25
     cnvcld = .false.
     cnvgwd = .true.
     debug = .false.
     dspheat = .true.
     fhcyc = 24.0
     fhlwr = 3600.0
     fhswr = 3600.0
     fhzero = 0.25
     hybedmf = .true.
     iaer = 111
     ialb = 1
     ico2 = 2
     iems = 1
     imfdeepcnv = 2
     imfshalcnv = 2
     imp_physics = 11
     isol = 2
     isot = 1
     isubc_lw = 2
     isubc_sw = 2
     ivegsrc = 1
     ldiag3d = .false.
     lprecip_accu = .false.
     lwhtr = .true.
     ncld = 5
     nst_anl = .true.
     pdfcld = .false.
     pre_rad = .false.
     prslrd0 = 0.0
     random_clds = .false.
     redrag = .true.
     shal_cnv = .true.
     swhtr = .true.
     trans_trac = .true.
     use_ufo = .true.
 /
 
 &interpolator_nml
     interp_method = 'conserve_great_circle'
 /
 
 &namsfc
     fabsl = 99999
     faisl = 99999
     faiss = 99999
     fnabsc = 'grb/global_mxsnoalb.uariz.t1534.3072.1536.rg.grb'
     fnacna = ''
     fnaisc = 'grb/CFSR.SEAICE.1982.2012.monthly.clim.grb'
     fnalbc = 'grb/global_snowfree_albedo.bosu.t1534.3072.1536.rg.grb'
     fnalbc2 = 'grb/global_albedo4.1x1.grb'
     fnglac = 'grb/global_glacier.2x2.grb'
     fnmskh = 'grb/seaice_newland.grb'
     fnmxic = 'grb/global_maxice.2x2.grb'
     fnslpc = 'grb/global_slope.1x1.grb'
     fnsmcc = 'grb/global_soilmgldas.t1534.3072.1536.grb'
     fnsnoa = ''
     fnsnoc = 'grb/global_snoclim.1.875.grb'
     fnsotc = 'grb/global_soiltype.statsgo.t1534.3072.1536.rg.grb'
     fntg3c = 'grb/global_tg3clim.2.6x1.5.grb'
     fntsfa = ''
     fntsfc = 'grb/RTGSST.1982.2012.monthly.clim.grb'
     fnvegc = 'grb/global_vegfrac.0.144.decpercent.grb'
     fnvetc = 'grb/global_vegtype.igbp.t1534.3072.1536.rg.grb'
     fnvmnc = 'grb/global_shdmin.0.144x0.144.grb'
     fnvmxc = 'grb/global_shdmax.0.144x0.144.grb'
     fnzorc = 'igbp'
     fsicl = 99999
     fsics = 99999
     fslpl = 99999
     fsmcl = 99999, 99999, 99999
     fsnol = 99999
     fsnos = 99999
     fsotl = 99999
     ftsfl = 99999
     ftsfs = 90
     fvetl = 99999
     fvmnl = 99999
     fvmxl = 99999
     ldebug = .false.
 /
 
&FV_CORE_NML
 NPX=49         ,
 NPY=49         ,
 NTILES=6          ,
 NPZ=79         ,
 NPZ_RST=0          ,
 LAYOUT= 2*1          ,
 IO_LAYOUT= 2*1          ,
 NCNST=0          ,
 NWAT=6          ,
 USE_LOGP=F,
 P_FAC= 0.10000000000000001     ,
 A_IMP=  1.0000000000000000     ,
 K_SPLIT=1          ,
 N_SPLIT=1          ,
 M_SPLIT=0          ,
 Q_SPLIT=0          ,
 PRINT_FREQ=3          ,
 WRITE_3D_DIAGS=T,
 DO_SCHMIDT=F,
 HORD_MT=6          ,
 HORD_VT=6          ,
 HORD_TM=6          ,
 HORD_DP=6          ,
 HORD_TR=8          ,
 SHIFT_FAC=  18.000000000000000     ,
 STRETCH_FAC=  1.0000000000000000     ,
 TARGET_LAT= -90.000000000000000     ,
 TARGET_LON=  0.0000000000000000     ,
 KORD_MT=10         ,
 KORD_WZ=10         ,
 KORD_TM=-10        ,
 KORD_TR=10         ,
 FV_DEBUG=F,
 FV_TESTSUITE_OUTPUT=F,
 PERTURBATION_TYPE=0          ,
 PERTURBATION_AMPLITUDE=  1.0000000000000001E-015,
 FV_LAND=F,
 NUDGE=F,
 DO_SAT_ADJ=F,
 DO_F3D=F,
 EXTERNAL_IC=F,
 READ_INCREMENT=F,
 NCEP_IC=F,
 NGGPS_IC=F,
 ECMWF_IC=F,
 USE_NEW_NCEP=F,
 USE_NCEP_PHY=F,
 FV_DIAG_IC=F,
 EXTERNAL_ETA=T,
 RES_LATLON_DYNAMICS="                                                                                                                                ",
 RES_LATLON_TRACERS="                                                                                                                                ",
 SCALE_Z=  0.0000000000000000     ,
 W_MAX=  75.000000000000000     ,
 Z_MIN=  5.0000000000000003E-002,
 LIM_FAC=  1.0000000000000000     ,
 DDDMP= 0.20000000000000001     ,
 D2_BG=  0.0000000000000000     ,
 D4_BG= 0.14999999999999999     ,
 VTDM4=  5.9999999999999998E-002,
 TRDM2=  0.0000000000000000     ,
 D_EXT=  0.0000000000000000     ,
 DELT_MAX=  2.0000000000000000E-003,
 BETA=  0.0000000000000000     ,
 NON_ORTHO=T,
 N_SPONGE=4          ,
 WARM_START=T,
 ADJUST_DRY_MASS=F,
 MOUNTAIN=T,
 D_CON=  1.0000000000000000     ,
 KE_BG=  0.0000000000000000     ,
 NORD=2          ,
 NORD_TR=0          ,
 CONVERT_KE=F,
 USE_OLD_OMEGA=T,
 DRY_MASS=  98290.000000000000     ,
 GRID_TYPE=0          ,
 DO_HELD_SUAREZ=F,
 DO_REED_PHYSICS=F,
 REED_COND_ONLY=F,
 CONSV_TE=  1.0000000000000000     ,
 FILL=T,
 FILTER_PHYS=F,
 FILL_DP=F,
 FILL_WZ=F,
 CONSV_AM=F,
 RF_FAST=F,
 RANGE_WARN=T,
 DWIND_2D=F,
 INLINE_Q=F,
 Z_TRACER=T,
 REPRODUCE_SUM=T,
 ADIABATIC=F,
 DO_VORT_DAMP=T,
 NO_DYCORE=F,
 TAU=  5.0000000000000000     ,
 TAU_H2O=  0.0000000000000000     ,
 RF_CUTOFF=  800.00000000000000     ,
 NF_OMEGA=1          ,
 HYDROSTATIC=F,
 FV_SG_ADJ=900        ,
 BREED_VORTEX_INLINE=F,
 NA_INIT=0          ,
 NUDGE_DZ=F,
 HYBRID_Z=F,
 MAKE_NH=F,
 N_ZS_FILTER=0          ,
 NORD_ZS_FILTER=4          ,
 FULL_ZS_FILTER=F,
 RESET_ETA=F,
 PNATS=0          ,
 DNATS=1          ,
 A2B_ORD=4          ,
 REMAP_T=T,
 P_REF=  100000.00000000000     ,
 D2_BG_K1= 0.16000000000000000     ,
 D2_BG_K2=  2.0000000000000000E-002,
 C2L_ORD=4          ,
 DX_CONST=  1000.0000000000000     ,
 DY_CONST=  1000.0000000000000     ,
 UMAX=  350.00000000000000     ,
 DEGLAT=  15.000000000000000     ,
 DEGLON_START= -30.000000000000000     ,
 DEGLON_STOP=  30.000000000000000     ,
 DEGLAT_START= -30.000000000000000     ,
 DEGLAT_STOP=  30.000000000000000     ,
 PHYS_HYDROSTATIC=F,
 USE_HYDRO_PRESSURE=F,
 MAKE_HYBRID_Z=F,
 OLD_DIVG_DAMP=F,
 ADD_NOISE= -1.0000000000000000     ,
 NESTED=F,
 TWOWAYNEST=F,
 PARENT_GRID_NUM=-1         ,
 PARENT_TILE=1          ,
 NUDGE_QV=T,
 REFINEMENT=3          ,
 NESTBCTYPE=1          ,
 NESTUPDATE=0          ,
 NSPONGE=0          ,
 S_WEIGHT=  9.9999999999999995E-007,
 IOFFSET=0          ,
 JOFFSET=0          ,
 CHECK_NEGATIVE=F,
 NUDGE_IC=F,
 HALO_UPDATE_TYPE=1          ,
 GFS_PHIL=F,
 AGRID_VEL_RST=F,
 DO_UNI_ZFULL=F,
 ADJ_MASS_VMR=F,
 /
&TEST_CASE_NML
 TEST_CASE=11         ,
 BUBBLE_DO=F,
 ALPHA=  0.0000000000000000     ,
 NSOLITONS=0          ,
 SOLITON_UMAX=  50.000000000000000     ,
 SOLITON_SIZE=  750000.00000000000     ,
 /

Cubic: cubed-sphere domain decomposition:     1 X    1
   pe,   is,  ie,  js,  je,    isd, ied, jsd, jed

Cubic: cubed-sphere domain decomposition:     1 X    1
   pe,   is,  ie,  js,  je,    isd, ied, jsd, jed

================================================================================
TRACER_MANAGER_MOD
unknown

================================================================================
FIELD_MANAGER_MOD
unknown
# added by FRE: sphum must be present in atmos                                                                                                                                                                                                                                                                                                                                                                                                                                                                                                                                                                                                                                                                                                                                                                                                                                                                                                                                                                                                                  
# specific humidity for moist runs                                                                                                                                                                                                                                                                                                                                                                                                                                                                                                                                                                                                                                                                                                                                                                                                                                                                                                                                                                                                                              
 "TRACER", "atmos_mod", "sphum"                                                                                                                                                                                                                                                                                                                                                                                                                                                                                                                                                                                                                                                                                                                                                                                                                                                                                                                                                                                                                                 
# prognostic cloud water mixing ratio                                                                                                                                                                                                                                                                                                                                                                                                                                                                                                                                                                                                                                                                                                                                                                                                                                                                                                                                                                                                                           
 "TRACER", "atmos_mod", "liq_wat"                                                                                                                                                                                                                                                                                                                                                                                                                                                                                                                                                                                                                                                                                                                                                                                                                                                                                                                                                                                                                               
 "TRACER", "atmos_mod", "rainwat"                                                                                                                                                                                                                                                                                                                                                                                                                                                                                                                                                                                                                                                                                                                                                                                                                                                                                                                                                                                                                               
 "TRACER", "atmos_mod", "ice_wat"                                                                                                                                                                                                                                                                                                                                                                                                                                                                                                                                                                                                                                                                                                                                                                                                                                                                                                                                                                                                                               
 "TRACER", "atmos_mod", "snowwat"                                                                                                                                                                                                                                                                                                                                                                                                                                                                                                                                                                                                                                                                                                                                                                                                                                                                                                                                                                                                                               
 "TRACER", "atmos_mod", "graupel"                                                                                                                                                                                                                                                                                                                                                                                                                                                                                                                                                                                                                                                                                                                                                                                                                                                                                                                                                                                                                               
# prognostic ozone mixing ratio tracer                                                                                                                                                                                                                                                                                                                                                                                                                                                                                                                                                                                                                                                                                                                                                                                                                                                                                                                                                                                                                          
 "TRACER", "atmos_mod", "o3mr"                                                                                                                                                                                                                                                                                                                                                                                                                                                                                                                                                                                                                                                                                                                                                                                                                                                                                                                                                                                                                                  
# non-prognostic cloud amount                                                                                                                                                                                                                                                                                                                                                                                                                                                                                                                                                                                                                                                                                                                                                                                                                                                                                                                                                                                                                                   
 "TRACER", "atmos_mod", "cld_amt"                                                                                                                                                                                                                                                                                                                                                                                                                                                                                                                                                                                                                                                                                                                                                                                                                                                                                                                                                                                                                               
 ----------------------------------------------------
 Contents of tracer entry            1
 Model type and field name
 Model                :            1
 Field name           : sphum
 Tracer units         : kg/kg
 Tracer longname      : specific humidity
 Tracer is_prognostic :  T
 ----------------------------------------------------
 ----------------------------------------------------
 Contents of tracer entry            2
 Model type and field name
 Model                :            1
 Field name           : liq_wat
 Tracer units         : kg/kg
 Tracer longname      : cloud water mixing ratio
 Tracer is_prognostic :  T
 ----------------------------------------------------
 ----------------------------------------------------
 Contents of tracer entry            3
 Model type and field name
 Model                :            1
 Field name           : rainwat
 Tracer units         : kg/kg
 Tracer longname      : rain mixing ratio
 Tracer is_prognostic :  T
 ----------------------------------------------------
 ----------------------------------------------------
 Contents of tracer entry            4
 Model type and field name
 Model                :            1
 Field name           : ice_wat
 Tracer units         : kg/kg
 Tracer longname      : cloud ice mixing ratio
 Tracer is_prognostic :  T
 ----------------------------------------------------
 ----------------------------------------------------
 Contents of tracer entry            5
 Model type and field name
 Model                :            1
 Field name           : snowwat
 Tracer units         : kg/kg
 Tracer longname      : snow mixing ratio
 Tracer is_prognostic :  T
 ----------------------------------------------------
 ----------------------------------------------------
 Contents of tracer entry            6
 Model type and field name
 Model                :            1
 Field name           : graupel
 Tracer units         : kg/kg
 Tracer longname      : graupel mixing ratio
 Tracer is_prognostic :  T
 ----------------------------------------------------
 ----------------------------------------------------
 Contents of tracer entry            7
 Model type and field name
 Model                :            1
 Field name           : o3mr
 Tracer units         : kg/kg
 Tracer longname      : ozone mixing ratio
 Tracer is_prognostic :  T
 ----------------------------------------------------
 ----------------------------------------------------
 Contents of tracer entry            8
 Model type and field name
 Model                :            1
 Field name           : cld_amt
 Tracer units         : 1
 Tracer longname      : cloud amount
 Tracer is_prognostic :  T
 ----------------------------------------------------
Number of tracers in field table for atmospheric model =    8
Number of tracers in field table for oceanic model =    0
Number of tracers in field table for land model =    0
Number of tracers in field table for ice model =    0
Number of tracers in field table for coupler model =    0

================================================================================
fvGFS/ATMOSPHERE_MOD
unknown

================================================================================
FV_DIAGNOSTICS_MOD
unknown

================================================================================
DIAG_GRID_MOD
unknown
================================================================================
v2018 FV3GFS BETA VERSION PHYSICS                               
&GFS_PHYSICS_NML
 FHZERO= 0.25000000000000000     ,
 LPRECIP_ACCU=F,
 LDIAG3D=F,
 LSSAV=F,
 FHCYC=  24.000000000000000     ,
 LGOCART=F,
 FHGOC3D=  0.0000000000000000     ,
 THERMODYN_ID=1          ,
 SFCPRESS_ID=1          ,
 CPLFLX=F,
 CPLWAV=F,
 LSIDEA=F,
 FHSWR=  3600.0000000000000     ,
 FHLWR=  3600.0000000000000     ,
 LEVR=-99        ,
 NFXR=45         ,
 AERO_IN=F,
 IFLIP=1          ,
 ISOL=2          ,
 ICO2=2          ,
 IALB=1          ,
 ISOT=1          ,
 IEMS=1          ,
 IAER=111        ,
 IOVR_SW=1          ,
 IOVR_LW=1          ,
 ICTM=1          ,
 ISUBC_SW=2          ,
 ISUBC_LW=2          ,
 CRICK_PROOF=F,
 CCNORM=F,
 LWHTR=T,
 SWHTR=T,
 NCLD=5          ,
 IMP_PHYSICS=11         ,
 PSAUTCO=  5.9999999999999995E-004,  2.9999999999999997E-004,
 PRAUTCO= 2*1.0000000000000000E-004  ,
 EVPCO=  2.0000000000000002E-005,
 WMINCO= 2*1.0000000000000001E-005  ,
 FPRCP=0          ,
 MG_DCS=  350.00000000000000     ,
 MG_QCVAR=  2.0000000000000000     ,
 MG_TS_AUTO_ICE=  3600.0000000000000     ,
 EFFR_IN=F,
 MICROP_UNIFORM=F,
 DO_CLDICE=T,
 HETFRZ_CLASSNUC=F,
 LTAEROSOL=F,
 LRADAR=F,
 LGFDLMPRAD=F,
 LSM=1          ,
 LSOIL=4          ,
 NMTVR=14         ,
 IVEGSRC=1          ,
 MOM4ICE=F,
 USE_UFO=T,
 RAS=F,
 TRANS_TRAC=T,
 OLD_MONIN=F,
 CNVGWD=T,
 MSTRAT=F,
 MOIST_ADJ=F,
 CSCNV=F,
 CAL_PRE=F,
 DO_AW=F,
 DO_SHOC=F,
 SHOCAFTCNV=F,
 SHOC_CLD=F,
 H2O_PHYS=F,
 PDFCLD=F,
 SHCNVCW=F,
 REDRAG=T,
 HYBEDMF=T,
 DSPHEAT=T,
 CNVCLD=F,
 RANDOM_CLDS=F,
 SHAL_CNV=T,
 IMFSHALCNV=2          ,
 IMFDEEPCNV=2          ,
 DO_DEEP=T,
 JCAP=1          ,
 CS_PARM=  10.000000000000000     ,  4.0000000000000000     ,  1000.0000000000000     ,  2000.0000000000000     ,  20.000000000000000     ,
   1.0000000000000000     , -999.00000000000000     , 3*0.0000000000000000       ,
 FLGMIN= 0.17999999999999999     , 0.22000000000000000     ,
 CGWF= 0.50000000000000000     ,  5.0000000000000003E-002,
 CCWF= 2*1.0000000000000000       ,
 CDMBGWD=  3.5000000000000000     , 0.25000000000000000     ,
 SUP=  1.0000000000000000     ,
 CTEI_RM= 2*10.000000000000000       ,
 CRTRH= 3*0.90000000000000002      ,
 DLQF= 2*0.0000000000000000       ,
 RBCR= 0.25000000000000000     ,
 SHOC_PCRIT=  7000.0000000000000     ,
 PRSLRD0=  0.0000000000000000     ,
 RAL_TS=  0.0000000000000000     ,
 CLAM_DEEP= 0.10000000000000001     ,
 C0S_DEEP=  2.0000000000000000E-003,
 C1_DEEP=  2.0000000000000000E-003,
 BETAL_DEEP=  5.0000000000000003E-002,
 BETAS_DEEP=  5.0000000000000003E-002,
 EVFACT_DEEP= 0.29999999999999999     ,
 EVFACTL_DEEP= 0.29999999999999999     ,
 PGCON_DEEP= 0.55000000000000004     ,
 ASOLFAC_DEEP= 0.95799999999999996     ,
 CLAM_SHAL= 0.29999999999999999     ,
 C0S_SHAL=  2.0000000000000000E-003,
 C1_SHAL=  5.0000000000000001E-004,
 PGCON_SHAL= 0.55000000000000004     ,
 ASOLFAC_SHAL= 0.95799999999999996     ,
 NST_ANL=T,
 LSEA=0          ,
 XKZM_M=  1.0000000000000000     ,
 XKZM_H=  1.0000000000000000     ,
 XKZM_S=  1.0000000000000000     ,
 NSTF_NAME= 2*0          ,1          ,0          ,5          ,
 XKZMINV= 0.29999999999999999     ,
 MONINQ_FAC=  1.0000000000000000     ,
 IAU_DELTHRS=  6.0000000000000000     ,
 IAUFHRS= 7*-1.0000000000000000      ,
 IAU_INC_FILES= 7*"                                                                                                                                                                                                                                                ",
 DEBUG=F,
 PRE_RAD=F,
 MAX_LON=5000       ,
 MAX_LAT=2000       ,
 MIN_LON=192        ,
 MIN_LAT=94         ,
 RHCMAX= 0.99999990000000005     ,
 PHYS_VERSION="v2018 FV3GFS BETA VERSION PHYSICS                               ",
 /
  ================================================================== 
 gfdl_cloud_microphys_mod
&GFDL_CLOUD_MICROPHYSICS_NML
 MP_TIME=  450.00000000000000     ,
 T_MIN=  178.00000000000000     ,
 T_SUB=  184.00000000000000     ,
 TAU_R2G=  900.00000000000000     ,
 TAU_SMLT=  900.00000000000000     ,
 TAU_G2R=  600.00000000000000     ,
 DW_LAND= 0.16000000000000000     ,
 DW_OCEAN= 0.10000000000000001     ,
 VI_FAC=  1.0000000000000000     ,
 VR_FAC=  1.0000000000000000     ,
 VS_FAC=  1.0000000000000000     ,
 VG_FAC=  1.0000000000000000     ,
 QL_MLT=  1.0000000000000000E-003,
 DO_QA=T,
 FIX_NEGATIVE=T,
 VI_MAX=  1.0000000000000000     ,
 VS_MAX=  2.0000000000000000     ,
 VG_MAX=  12.000000000000000     ,
 VR_MAX=  12.000000000000000     ,
 QS_MLT=  9.9999999999999995E-007,
 QS0_CRT=  1.0000000000000000E-003,
 QI_GEN=  1.8199999999999999E-006,
 QL0_MAX=  2.0000000000000000E-003,
 QI0_MAX=  1.0000000000000000E-004,
 QI0_CRT=  8.0000000000000007E-005,
 QR0_CRT=  1.0000000000000000E-004,
 FAST_SAT_ADJ=F,
 RH_INC= 0.29999999999999999     ,
 RH_INS= 0.29999999999999999     ,
 RH_INR= 0.29999999999999999     ,
 CONST_VI=F,
 CONST_VS=F,
 CONST_VG=F,
 CONST_VR=F,
 USE_CCN=T,
 RTHRESH=  1.0000000000000001E-005,
 CCN_L=  300.00000000000000     ,
 CCN_O=  100.00000000000000     ,
 QC_CRT=  4.9999999999999998E-008,
 TAU_G2V=  900.00000000000000     ,
 TAU_V2G=  21600.000000000000     ,
 SAT_ADJ0= 0.90000000000000002     ,
 C_PIACR=  5.0000000000000000     ,
 TAU_IMLT=  600.00000000000000     ,
 TAU_V2L=  150.00000000000000     ,
 TAU_L2V=  225.00000000000000     ,
 TAU_I2S=  1000.0000000000000     ,
 TAU_L2R=  900.00000000000000     ,
 QI_LIM=  1.0000000000000000     ,
 QL_GEN=  1.0000000000000000E-003,
 C_PAUT= 0.50000000000000000     ,
 C_PSACI=  5.0000000000000003E-002,
 C_PGACS=  1.0000000000000000E-002,
 Z_SLOPE_LIQ=T,
 Z_SLOPE_ICE=T,
 PROG_CCN=F,
 C_CRACW= 0.80000000000000004     ,
 ALIN=  842.00000000000000     ,
 CLIN=  4.7999999999999998     ,
 TICE=  273.16000000000003     ,
 RAD_SNOW=T,
 RAD_GRAUPEL=T,
 RAD_RAIN=T,
 CLD_MIN=  5.0000000000000003E-002,
 USE_PPM=F,
 MONO_PROF=T,
 DO_SEDI_HEAT=F,
 SEDI_TRANSPORT=F,
 DO_SEDI_W=F,
 DE_ICE=F,
 ICLOUD_F=1          ,
 IRAIN_F=0          ,
 MP_PRINT=F,
 /

================================================================================
$Id$
$Name$
&ATMOS_MODEL_NML
 BLOCKSIZE=24         ,
 CHKSUM_DEBUG=F,
 DYCORE_ONLY=T,
 DEBUG=F,
 SYNC=F,
 FDIAG= 4096*0.0000000000000000       ,
 FHMAX=  1024.0000000000000     ,
 FHMAXHF= -1.0000000000000000     ,
 FHOUT= 0.25000000000000000     ,
 FHOUTHF=  0.0000000000000000     ,
 /
&DATA_OVERRIDE_NML
 DEBUG_DATA_OVERRIDE=F,
 GRID_CENTER_BUG=F,
 /

================================================================================
HORIZ_INTERP_MOD
unknown
&HORIZ_INTERP_NML
 REPRODUCE_SIENA=F,
 /

================================================================================
HORIZ_INTERP_CONSERVE_MOD
unknown

================================================================================
HORIZ_INTERP_BILINEAR_MOD
unknown

================================================================================
HORIZ_INTERP_BICUBIC_MOD
unknown

================================================================================
horiz_interp_spherical_mod
unknown

================================================================================
DATA_OVERRIDE_MOD
unknown

================================================================================
TIME_INTERP_EXTERNAL_MOD
unknown
&TIME_INTERP_EXTERNAL_NML
 NUM_IO_BUFFERS=2          ,
 DEBUG_THIS_MODULE=F,
 MAX_FIELDS=100        ,
 MAX_FILES=40         ,
 /

================================================================================
TIME_INTERP_MOD
unknown
&TIME_INTERP_NML
 PERTHLIKE_BEHAVIOR=F,
 /

================================================================================
DIAG_OUTPUT_MOD
unknown

                                     time
Total runtime                         4.828884
Initialization                        0.993149
FV dy-core                            1.617768
FV subgrid_z                          0.006779
FV Diag                               0.207262
GFS Step Setup                        0.000000
GFS Radiation                         0.000000
GFS Physics                           0.000000
Dynamics get state                    0.094059
Dynamics update state                 0.327692
FV3 Dycore                            1.900689
Main loop                             3.101751
Termination                           0.716822
